<?xml version="1.0" encoding="UTF-8"?>
<!-- Generated by org.testng.reporters.JUnitReportReporter -->
<testsuite hostname="PJALVAG" failures="0" tests="1" name="com.google.GoogleTest" time="9.394" errors="0" timestamp="29 oct. 2021 01:10:15 GMT" skipped="0">
  <testcase classname="com.google.GoogleTest" name="f" time="9.394"/>
</testsuite> <!-- com.google.GoogleTest -->
